TN:
SF:src/index.ts
FN:21,(anonymous_10)
FN:30,(anonymous_11)
FN:64,(anonymous_12)
FN:83,(anonymous_13)
FN:99,(anonymous_14)
FN:111,(anonymous_15)
FN:134,(anonymous_16)
FN:146,(anonymous_17)
FN:163,(anonymous_18)
FN:184,(anonymous_19)
FN:197,(anonymous_20)
FN:200,(anonymous_21)
FN:232,(anonymous_22)
FN:235,(anonymous_23)
FN:277,(anonymous_24)
FN:302,(anonymous_25)
FN:338,(anonymous_26)
FN:373,(anonymous_27)
FN:459,fileExists
FNF:19
FNH:16
FNDA:10,(anonymous_10)
FNDA:10,(anonymous_11)
FNDA:18,(anonymous_12)
FNDA:2,(anonymous_13)
FNDA:0,(anonymous_14)
FNDA:0,(anonymous_15)
FNDA:27,(anonymous_16)
FNDA:24,(anonymous_17)
FNDA:96,(anonymous_18)
FNDA:10,(anonymous_19)
FNDA:29,(anonymous_20)
FNDA:60,(anonymous_21)
FNDA:27,(anonymous_22)
FNDA:37,(anonymous_23)
FNDA:5,(anonymous_24)
FNDA:5,(anonymous_25)
FNDA:6,(anonymous_26)
FNDA:1,(anonymous_27)
FNDA:0,fileExists
DA:1,5
DA:2,5
DA:3,5
DA:4,5
DA:6,5
DA:7,5
DA:9,5
DA:10,5
DA:11,5
DA:12,5
DA:20,5
DA:22,10
DA:23,10
DA:24,10
DA:33,10
DA:34,10
DA:35,10
DA:36,5
DA:37,5
DA:39,5
DA:40,5
DA:41,19
DA:42,19
DA:44,16
DA:45,5
DA:46,5
DA:47,1
DA:48,4
DA:49,3
DA:50,1
DA:52,1
DA:53,1
DA:56,1
DA:57,1
DA:59,11
DA:60,1
DA:61,10
DA:62,9
DA:64,18
DA:65,9
DA:67,9
DA:69,9
DA:70,9
DA:71,9
DA:72,9
DA:73,9
DA:75,9
DA:77,1
DA:81,1
DA:83,2
DA:84,1
DA:86,1
DA:87,1
DA:88,1
DA:93,5
DA:95,5
DA:102,0
DA:103,0
DA:104,0
DA:105,0
DA:108,0
DA:109,0
DA:111,0
DA:112,0
DA:113,0
DA:114,0
DA:115,0
DA:116,0
DA:118,0
DA:123,0
DA:124,0
DA:127,0
DA:129,0
DA:130,0
DA:138,27
DA:139,27
DA:141,0
DA:142,0
DA:150,24
DA:152,24
DA:155,24
DA:160,24
DA:163,24
DA:165,96
DA:166,96
DA:167,96
DA:168,0
DA:169,0
DA:171,96
DA:172,96
DA:176,24
DA:177,24
DA:179,0
DA:180,0
DA:189,10
DA:190,10
DA:197,10
DA:199,29
DA:201,60
DA:202,60
DA:205,0
DA:209,29
DA:210,29
DA:211,39
DA:213,14
DA:214,14
DA:215,14
DA:217,14
DA:221,14
DA:222,2
DA:228,27
DA:232,10
DA:233,27
DA:234,27
DA:236,37
DA:238,12
DA:239,12
DA:240,12
DA:242,12
DA:243,2
DA:247,10
DA:253,10
DA:254,8
DA:258,2
DA:261,25
DA:265,27
DA:271,10
DA:273,0
DA:279,5
DA:281,5
DA:283,1
DA:284,1
DA:285,1
DA:291,4
DA:292,4
DA:294,2
DA:296,2
DA:298,0
DA:308,5
DA:311,5
DA:313,2
DA:318,2
DA:320,3
DA:325,3
DA:327,0
DA:335,5
DA:344,6
DA:347,6
DA:350,6
DA:354,6
DA:355,6
DA:358,6
DA:359,0
DA:360,0
DA:361,0
DA:362,0
DA:364,0
DA:365,0
DA:369,6
DA:370,10
DA:371,10
DA:372,10
DA:373,1
DA:374,1
DA:377,10
DA:378,3
DA:383,6
DA:384,6
DA:390,6
DA:391,22
DA:392,22
DA:395,22
DA:396,22
DA:400,22
DA:404,6
DA:405,4
DA:406,4
DA:407,4
DA:413,4
DA:414,5
DA:417,5
DA:422,5
DA:424,5
DA:431,5
DA:436,5
DA:437,5
DA:438,5
DA:444,5
DA:447,0
DA:448,0
DA:452,0
DA:460,0
DA:461,0
DA:462,0
DA:464,0
LF:195
LH:154
BRDA:42,0,0,3
BRDA:44,1,0,5
BRDA:44,1,1,11
BRDA:44,2,0,16
BRDA:44,2,1,5
BRDA:46,3,0,1
BRDA:46,3,1,4
BRDA:48,4,0,3
BRDA:48,4,1,1
BRDA:50,5,0,1
BRDA:52,6,0,1
BRDA:59,7,0,1
BRDA:59,7,1,10
BRDA:59,8,0,11
BRDA:59,8,1,1
BRDA:61,9,0,9
BRDA:61,9,1,1
BRDA:61,10,0,10
BRDA:61,10,1,9
BRDA:65,11,0,9
BRDA:65,12,0,9
BRDA:65,12,1,9
BRDA:72,13,0,9
BRDA:72,13,1,3
BRDA:77,14,0,1
BRDA:78,15,0,1
BRDA:78,15,1,1
BRDA:84,16,0,1
BRDA:84,17,0,1
BRDA:84,17,1,1
BRDA:108,18,0,0
BRDA:115,19,0,0
BRDA:115,19,1,0
BRDA:123,20,0,0
BRDA:168,21,0,0
BRDA:168,21,1,0
BRDA:199,22,0,0
BRDA:211,23,0,14
BRDA:211,24,0,39
BRDA:211,24,1,14
BRDA:214,25,0,14
BRDA:221,26,0,2
BRDA:221,27,0,14
BRDA:221,27,1,12
BRDA:236,28,0,12
BRDA:236,29,0,37
BRDA:236,29,1,12
BRDA:239,30,0,12
BRDA:242,31,0,2
BRDA:253,32,0,8
BRDA:279,33,0,5
BRDA:284,34,0,1
BRDA:292,35,0,2
BRDA:292,35,1,2
BRDA:292,35,2,0
BRDA:311,36,0,2
BRDA:311,36,1,3
BRDA:311,36,2,0
BRDA:342,37,0,2
BRDA:358,38,0,0
BRDA:358,39,0,6
BRDA:358,39,1,0
BRDA:361,40,0,0
BRDA:364,41,0,0
BRDA:372,42,0,1
BRDA:377,43,0,3
BRF:66
BRH:53
end_of_record
TN:
SF:src/mergers/json.ts
FN:6,(anonymous_1)
FN:10,mergeJson
FNF:2
FNH:1
FNDA:0,(anonymous_1)
FNDA:2,mergeJson
DA:1,5
DA:2,5
DA:6,5
DA:7,0
DA:10,5
DA:15,2
DA:16,2
DA:18,2
DA:19,2
DA:22,2
DA:24,2
DA:27,2
DA:29,0
DA:30,0
DA:32,0
DA:33,0
DA:35,0
DA:38,2
LF:18
LH:12
BRDA:22,0,0,2
BRDA:22,0,1,0
BRDA:22,0,2,0
BRDA:22,0,3,0
BRF:4
BRH:1
end_of_record
TN:
SF:src/mergers/markdown.ts
FN:11,parseMarkdown
FN:56,mergeSections
FN:66,(anonymous_3)
FN:110,(anonymous_4)
FN:113,sectionsToMarkdown
FN:116,(anonymous_6)
FN:130,mergeMarkdown
FNF:7
FNH:6
FNDA:4,parseMarkdown
FNDA:2,mergeSections
FNDA:4,(anonymous_3)
FNDA:0,(anonymous_4)
FNDA:2,sectionsToMarkdown
FNDA:10,(anonymous_6)
FNDA:3,mergeMarkdown
DA:1,5
DA:3,5
DA:12,4
DA:13,4
DA:14,4
DA:15,4
DA:16,4
DA:18,4
DA:20,52
DA:21,0
DA:22,0
DA:24,52
DA:25,0
DA:29,52
DA:30,52
DA:31,12
DA:33,8
DA:34,8
DA:36,12
DA:41,12
DA:42,40
DA:43,40
DA:47,4
DA:49,4
DA:50,4
DA:53,4
DA:62,2
DA:63,2
DA:64,2
DA:65,2
DA:66,4
DA:68,2
DA:69,2
DA:75,2
DA:79,0
DA:80,0
DA:83,0
DA:84,0
DA:85,0
DA:89,0
DA:90,0
DA:91,0
DA:93,0
DA:95,0
DA:96,0
DA:98,0
DA:100,0
DA:104,0
DA:105,0
DA:110,0
DA:115,2
DA:117,10
DA:119,10
DA:121,10
DA:127,2
DA:130,5
DA:135,3
DA:136,3
DA:139,3
DA:141,1
DA:142,1
DA:145,2
DA:146,2
DA:148,2
DA:153,2
LF:65
LH:46
BRDA:20,0,0,0
BRDA:24,1,0,0
BRDA:30,2,0,12
BRDA:30,2,1,40
BRDA:31,3,0,8
BRDA:42,4,0,40
BRDA:47,5,0,4
BRDA:62,6,0,2
BRDA:68,7,0,2
BRDA:91,8,0,0
BRDA:91,8,1,0
BRDA:93,9,0,0
BRDA:93,9,1,0
BRDA:139,10,0,1
BRF:14
BRH:8
end_of_record
TN:
SF:src/mergers/text.ts
FN:4,mergeText
FNF:1
FNH:0
FNDA:0,mergeText
DA:1,5
DA:4,5
DA:9,0
DA:10,0
DA:12,0
DA:14,0
DA:16,0
DA:18,0
DA:20,0
LF:9
LH:2
BRDA:12,0,0,0
BRDA:12,0,1,0
BRDA:12,0,2,0
BRDA:12,0,3,0
BRF:4
BRH:0
end_of_record
TN:
SF:tests/sandbox/output/ts-project/src/index.ts
FN:3,greet
FNF:1
FNH:1
FNDA:1,greet
DA:3,1
DA:4,1
DA:7,1
DA:8,0
LF:4
LH:3
BRDA:7,0,0,0
BRF:1
BRH:0
end_of_record
