TN:
SF:src/index.ts
FN:21,flattenMergeConfig
FN:42,parseMergeSections
FN:49,(anonymous_2)
FN:72,(anonymous_3)
FN:81,(anonymous_4)
FN:99,(anonymous_5)
FN:124,(anonymous_6)
FN:136,(anonymous_7)
FN:162,(anonymous_8)
FN:174,(anonymous_9)
FN:191,(anonymous_10)
FN:212,(anonymous_11)
FN:225,(anonymous_12)
FN:228,(anonymous_13)
FN:260,(anonymous_14)
FN:263,(anonymous_15)
FN:305,(anonymous_16)
FN:319,(anonymous_17)
FN:323,(anonymous_18)
FN:388,(anonymous_19)
FN:426,(anonymous_20)
FN:476,(anonymous_21)
FN:571,fileExists
FNF:23
FNH:17
FNDA:0,flattenMergeConfig
FNDA:5,parseMergeSections
FNDA:1,(anonymous_2)
FNDA:10,(anonymous_3)
FNDA:10,(anonymous_4)
FNDA:9,(anonymous_5)
FNDA:0,(anonymous_6)
FNDA:0,(anonymous_7)
FNDA:27,(anonymous_8)
FNDA:24,(anonymous_9)
FNDA:96,(anonymous_10)
FNDA:10,(anonymous_11)
FNDA:29,(anonymous_12)
FNDA:60,(anonymous_13)
FNDA:27,(anonymous_14)
FNDA:37,(anonymous_15)
FNDA:5,(anonymous_16)
FNDA:0,(anonymous_17)
FNDA:0,(anonymous_18)
FNDA:5,(anonymous_19)
FNDA:6,(anonymous_20)
FNDA:1,(anonymous_21)
FNDA:0,fileExists
DA:22,0
DA:23,0
DA:24,0
DA:31,0
DA:32,0
DA:35,0
DA:38,0
DA:43,5
DA:44,5
DA:46,5
DA:47,1
DA:48,1
DA:49,1
DA:50,1
DA:51,1
DA:53,1
DA:54,1
DA:55,1
DA:56,1
DA:57,1
DA:58,1
DA:59,1
DA:60,1
DA:61,1
DA:64,1
DA:65,1
DA:68,5
DA:73,10
DA:74,10
DA:75,10
DA:84,10
DA:85,10
DA:86,10
DA:87,5
DA:88,5
DA:91,5
DA:92,1
DA:96,5
DA:97,3
DA:99,3
DA:100,9
DA:101,9
DA:102,9
DA:103,9
DA:104,9
DA:106,9
DA:111,5
DA:114,5
DA:115,0
DA:118,5
DA:120,5
DA:127,0
DA:128,0
DA:129,0
DA:130,0
DA:133,0
DA:134,0
DA:136,0
DA:137,0
DA:138,0
DA:139,0
DA:140,0
DA:141,0
DA:143,0
DA:148,0
DA:151,0
DA:152,0
DA:155,0
DA:157,0
DA:158,0
DA:166,27
DA:167,27
DA:169,0
DA:170,0
DA:178,24
DA:180,24
DA:183,24
DA:188,24
DA:191,24
DA:193,96
DA:194,96
DA:195,96
DA:196,0
DA:197,0
DA:199,96
DA:200,96
DA:204,24
DA:205,24
DA:207,0
DA:208,0
DA:217,10
DA:218,10
DA:225,10
DA:227,29
DA:229,60
DA:230,60
DA:233,0
DA:237,29
DA:238,29
DA:239,39
DA:241,14
DA:242,14
DA:243,14
DA:245,14
DA:249,14
DA:250,2
DA:256,27
DA:260,10
DA:261,27
DA:262,27
DA:264,37
DA:266,12
DA:267,12
DA:268,12
DA:270,12
DA:271,2
DA:275,10
DA:281,10
DA:282,8
DA:286,2
DA:289,25
DA:293,27
DA:299,10
DA:301,0
DA:306,5
DA:313,5
DA:315,5
DA:317,1
DA:321,0
DA:324,0
DA:328,0
DA:332,1
DA:335,1
DA:343,1
DA:344,1
DA:351,1
DA:354,1
DA:355,1
DA:358,0
DA:359,0
DA:363,0
DA:364,0
DA:367,0
DA:373,4
DA:374,4
DA:378,4
DA:380,2
DA:382,2
DA:384,0
DA:394,5
DA:397,5
DA:399,2
DA:404,2
DA:406,3
DA:411,3
DA:413,0
DA:420,5
DA:423,5
DA:432,6
DA:434,6
DA:442,6
DA:445,6
DA:449,6
DA:450,6
DA:453,6
DA:454,0
DA:455,0
DA:456,0
DA:457,0
DA:458,0
DA:460,0
DA:461,0
DA:463,6
DA:465,0
DA:466,0
DA:471,6
DA:472,10
DA:473,10
DA:474,10
DA:475,10
DA:476,1
DA:477,1
DA:480,10
DA:481,3
DA:486,6
DA:487,6
DA:493,6
DA:494,22
DA:495,22
DA:498,22
DA:499,22
DA:503,22
DA:507,6
DA:508,4
DA:509,4
DA:510,4
DA:516,4
DA:522,4
DA:523,5
DA:526,5
DA:531,5
DA:533,5
DA:540,5
DA:543,5
DA:548,5
DA:549,5
DA:550,5
DA:556,5
DA:559,0
DA:560,0
DA:564,0
DA:572,0
DA:573,0
DA:574,0
DA:576,0
LF:215
LH:154
BRDA:24,0,0,0
BRDA:24,0,1,0
BRDA:25,1,0,0
BRDA:25,1,1,0
BRDA:25,1,2,0
BRDA:25,1,3,0
BRDA:51,2,0,1
BRDA:51,2,1,0
BRDA:58,3,0,1
BRDA:64,4,0,1
BRDA:91,5,0,1
BRDA:96,6,0,3
BRDA:103,7,0,9
BRDA:103,7,1,3
BRDA:114,8,0,0
BRDA:114,9,0,5
BRDA:114,9,1,0
BRDA:133,10,0,0
BRDA:140,11,0,0
BRDA:140,11,1,0
BRDA:151,12,0,0
BRDA:151,13,0,0
BRDA:151,13,1,0
BRDA:196,14,0,0
BRDA:196,14,1,0
BRDA:227,15,0,0
BRDA:239,16,0,14
BRDA:239,17,0,39
BRDA:239,17,1,14
BRDA:242,18,0,14
BRDA:249,19,0,2
BRDA:249,20,0,14
BRDA:249,20,1,12
BRDA:264,21,0,12
BRDA:264,22,0,37
BRDA:264,22,1,12
BRDA:267,23,0,12
BRDA:270,24,0,2
BRDA:281,25,0,8
BRDA:313,26,0,5
BRDA:343,27,0,1
BRDA:354,28,0,1
BRDA:363,29,0,0
BRDA:378,30,0,2
BRDA:378,30,1,2
BRDA:378,30,2,0
BRDA:397,31,0,2
BRDA:397,31,1,3
BRDA:397,31,2,0
BRDA:430,32,0,2
BRDA:453,33,0,0
BRDA:453,33,1,6
BRDA:453,34,0,6
BRDA:453,34,1,0
BRDA:457,35,0,0
BRDA:460,36,0,0
BRDA:463,37,0,0
BRDA:463,38,0,6
BRDA:463,38,1,0
BRDA:465,39,0,0
BRDA:475,40,0,1
BRDA:480,41,0,3
BRF:62
BRH:34
end_of_record
TN:
SF:src/mergers/json.ts
FN:6,(anonymous_0)
FN:10,mergeJson
FNF:2
FNH:1
FNDA:0,(anonymous_0)
FNDA:2,mergeJson
DA:6,5
DA:7,0
DA:15,2
DA:16,2
DA:18,2
DA:19,2
DA:22,2
DA:24,2
DA:27,2
DA:29,0
DA:30,0
DA:32,0
DA:33,0
DA:35,0
DA:38,2
LF:15
LH:9
BRDA:22,0,0,2
BRDA:22,0,1,0
BRDA:22,0,2,0
BRDA:22,0,3,0
BRF:4
BRH:1
end_of_record
TN:
SF:src/mergers/markdown.ts
FN:11,parseMarkdown
FN:56,mergeSections
FN:66,(anonymous_2)
FN:110,(anonymous_3)
FN:113,sectionsToMarkdown
FN:116,(anonymous_5)
FN:130,mergeMarkdown
FN:150,(anonymous_7)
FN:197,(anonymous_8)
FNF:9
FNH:5
FNDA:4,parseMarkdown
FNDA:0,mergeSections
FNDA:0,(anonymous_2)
FNDA:0,(anonymous_3)
FNDA:2,sectionsToMarkdown
FNDA:10,(anonymous_5)
FNDA:3,mergeMarkdown
FNDA:4,(anonymous_7)
FNDA:0,(anonymous_8)
DA:12,4
DA:13,4
DA:14,4
DA:15,4
DA:16,4
DA:18,4
DA:20,52
DA:21,0
DA:22,0
DA:24,52
DA:25,0
DA:29,52
DA:30,52
DA:31,12
DA:33,8
DA:34,8
DA:36,12
DA:41,12
DA:42,40
DA:43,40
DA:47,4
DA:49,4
DA:50,4
DA:53,4
DA:62,0
DA:63,0
DA:64,0
DA:65,0
DA:66,0
DA:68,0
DA:69,0
DA:75,0
DA:79,0
DA:80,0
DA:83,0
DA:84,0
DA:85,0
DA:89,0
DA:90,0
DA:91,0
DA:93,0
DA:95,0
DA:96,0
DA:98,0
DA:100,0
DA:104,0
DA:105,0
DA:110,0
DA:115,2
DA:117,10
DA:119,10
DA:121,10
DA:127,2
DA:135,3
DA:136,3
DA:139,3
DA:140,1
DA:144,2
DA:145,2
DA:146,2
DA:147,2
DA:148,2
DA:149,2
DA:150,4
DA:152,2
DA:153,2
DA:159,2
DA:163,0
DA:164,0
DA:165,0
DA:166,0
DA:169,0
DA:170,0
DA:171,0
DA:175,0
DA:176,0
DA:177,0
DA:179,0
DA:181,0
DA:182,0
DA:184,0
DA:186,0
DA:190,0
DA:191,0
DA:196,0
DA:197,0
LF:86
LH:40
BRDA:20,0,0,0
BRDA:24,1,0,0
BRDA:30,2,0,12
BRDA:30,2,1,40
BRDA:31,3,0,8
BRDA:42,4,0,40
BRDA:47,5,0,4
BRDA:62,6,0,0
BRDA:68,7,0,0
BRDA:91,8,0,0
BRDA:91,8,1,0
BRDA:93,9,0,0
BRDA:93,9,1,0
BRDA:139,10,0,1
BRDA:144,11,0,2
BRDA:152,12,0,2
BRDA:177,13,0,0
BRDA:177,13,1,0
BRDA:179,14,0,0
BRDA:179,14,1,0
BRF:20
BRH:8
end_of_record
TN:
SF:src/mergers/text.ts
FN:4,mergeText
FNF:1
FNH:0
FNDA:0,mergeText
DA:9,0
DA:10,0
DA:12,0
DA:14,0
DA:16,0
DA:18,0
DA:20,0
LF:7
LH:0
BRDA:12,0,0,0
BRDA:12,0,1,0
BRDA:12,0,2,0
BRDA:12,0,3,0
BRF:4
BRH:0
end_of_record
